app/build/intermediates/manifest_merge_blame_file/release/processReleaseMainManifest/manifest-merger-blame-release-report.txt
1<?xml version="1.0" encoding="utf-8"?>
2<manifest xmlns:android="http://schemas.android.com/apk/res/android"
3    package="com.hnlens.ai.sports"
4    android:versionCode="1"
5    android:versionName="1.0.0" >
6
7    <uses-sdk
8        android:minSdkVersion="33"
9        android:targetSdkVersion="34" />
10
11    <queries>
11-->src/main/AndroidManifest.xml:5:5-8:15
12        <package android:name="com.hnlens.ai.service" />
12-->src/main/AndroidManifest.xml:6:9-57
12-->src/main/AndroidManifest.xml:6:18-54
13        <!-- Add other packages if needed -->
14    </queries>
15    <queries>
15-->src/main/AndroidManifest.xml:5:5-8:15
16        <package android:name="com.google.android.apps.healthdata" />
16-->src/main/AndroidManifest.xml:10:9-70
16-->src/main/AndroidManifest.xml:10:18-67
17    </queries> <!-- TODO: declare Health Connect permissions -->
18    <uses-permission android:name="android.permission.health.READ_HEART_RATE" />
18-->src/main/AndroidManifest.xml:12:5-81
18-->src/main/AndroidManifest.xml:12:22-78
19    <uses-permission android:name="android.permission.health.WRITE_HEART_RATE" />
19-->src/main/AndroidManifest.xml:13:5-82
19-->src/main/AndroidManifest.xml:13:22-79
20    <uses-permission android:name="android.permission.health.READ_STEPS" />
20-->src/main/AndroidManifest.xml:14:5-76
20-->src/main/AndroidManifest.xml:14:22-73
21    <uses-permission android:name="android.permission.health.WRITE_STEPS" />
21-->src/main/AndroidManifest.xml:15:5-77
21-->src/main/AndroidManifest.xml:15:22-74
22    <uses-permission android:name="android.permission.health.READ_EXERCISE" />
22-->src/main/AndroidManifest.xml:16:5-79
22-->src/main/AndroidManifest.xml:16:22-76
23    <uses-permission android:name="android.permission.health.WRITE_EXERCISE" />
23-->src/main/AndroidManifest.xml:17:5-80
23-->src/main/AndroidManifest.xml:17:22-77
24    <uses-permission android:name="android.permission.health.READ_TOTAL_CALORIES_BURNED" />
24-->src/main/AndroidManifest.xml:18:5-92
24-->src/main/AndroidManifest.xml:18:22-89
25    <uses-permission android:name="android.permission.health.WRITE_TOTAL_CALORIES_BURNED" />
25-->src/main/AndroidManifest.xml:19:5-93
25-->src/main/AndroidManifest.xml:19:22-90
26    <uses-permission android:name="android.permission.health.READ_WEIGHT" />
26-->src/main/AndroidManifest.xml:20:5-77
26-->src/main/AndroidManifest.xml:20:22-74
27    <uses-permission android:name="android.permission.health.WRITE_WEIGHT" />
27-->src/main/AndroidManifest.xml:21:5-78
27-->src/main/AndroidManifest.xml:21:22-75
28    <uses-permission android:name="android.permission.health.READ_ACTIVE_CALORIES_BURNED" />
28-->src/main/AndroidManifest.xml:22:5-92
28-->src/main/AndroidManifest.xml:22:22-90
29    <uses-permission android:name="android.permission.health.READ_DISTANCE" />
29-->src/main/AndroidManifest.xml:23:5-78
29-->src/main/AndroidManifest.xml:23:22-76
30
31    <permission
31-->[androidx.core:core:1.12.0] AndroidManifest.xml:22:5-24:47
32        android:name="com.hnlens.ai.sports.DYNAMIC_RECEIVER_NOT_EXPORTED_PERMISSION"
32-->[androidx.core:core:1.12.0] AndroidManifest.xml:23:9-81
33        android:protectionLevel="signature" />
33-->[androidx.core:core:1.12.0] AndroidManifest.xml:24:9-44
34
35    <uses-permission android:name="com.hnlens.ai.sports.DYNAMIC_RECEIVER_NOT_EXPORTED_PERMISSION" />
35-->[androidx.core:core:1.12.0] AndroidManifest.xml:26:5-97
35-->[androidx.core:core:1.12.0] AndroidManifest.xml:26:22-94
36
37    <application
37-->src/main/AndroidManifest.xml:25:5-94:19
38        android:allowBackup="true"
38-->src/main/AndroidManifest.xml:26:9-35
39        android:appComponentFactory="androidx.core.app.CoreComponentFactory"
39-->[androidx.core:core:1.12.0] AndroidManifest.xml:28:18-86
40        android:dataExtractionRules="@xml/data_extraction_rules"
40-->src/main/AndroidManifest.xml:27:9-65
41        android:extractNativeLibs="false"
42        android:fullBackupContent="@xml/backup_rules"
42-->src/main/AndroidManifest.xml:28:9-54
43        android:icon="@mipmap/ic_launcher_sport"
43-->src/main/AndroidManifest.xml:29:9-49
44        android:label="@string/app_name"
44-->src/main/AndroidManifest.xml:30:9-41
45        android:roundIcon="@mipmap/ic_launcher_sport"
45-->src/main/AndroidManifest.xml:31:9-54
46        android:supportsRtl="true" >
46-->src/main/AndroidManifest.xml:32:9-35
47        <activity
47-->src/main/AndroidManifest.xml:34:9-43:20
48            android:name="com.hnlens.ai.sports.MainActivity"
48-->src/main/AndroidManifest.xml:35:13-41
49            android:exported="true"
49-->src/main/AndroidManifest.xml:36:13-36
50            android:theme="@style/Theme.AppCompat.Light" >
50-->src/main/AndroidManifest.xml:37:13-57
51            <intent-filter>
51-->src/main/AndroidManifest.xml:38:13-42:29
52                <action android:name="android.intent.action.MAIN" />
52-->src/main/AndroidManifest.xml:39:17-69
52-->src/main/AndroidManifest.xml:39:25-66
53
54                <category android:name="android.intent.category.LAUNCHER" />
54-->src/main/AndroidManifest.xml:41:17-77
54-->src/main/AndroidManifest.xml:41:27-74
55            </intent-filter>
56        </activity>
57        <activity
57-->src/main/AndroidManifest.xml:44:9-57:20
58            android:name="com.hnlens.ai.activities.SportMainActivity"
58-->src/main/AndroidManifest.xml:45:13-70
59            android:exported="true"
59-->src/main/AndroidManifest.xml:46:13-36
60            android:label="@string/sports_main"
60-->src/main/AndroidManifest.xml:47:13-48
61            android:theme="@style/Theme.AppCompat.Light" >
61-->src/main/AndroidManifest.xml:48:13-57
62            <intent-filter>
62-->src/main/AndroidManifest.xml:38:13-42:29
63                <action android:name="android.intent.action.MAIN" />
63-->src/main/AndroidManifest.xml:39:17-69
63-->src/main/AndroidManifest.xml:39:25-66
64
65                <category android:name="android.intent.category.LAUNCHER" />
65-->src/main/AndroidManifest.xml:41:17-77
65-->src/main/AndroidManifest.xml:41:27-74
66            </intent-filter>
67            <intent-filter>
67-->src/main/AndroidManifest.xml:54:13-56:29
68                <action android:name="androidx.health.ACTION_SHOW_PERMISSIONS_RATIONALE" />
68-->src/main/AndroidManifest.xml:55:17-92
68-->src/main/AndroidManifest.xml:55:25-89
69            </intent-filter>
70        </activity>
71        <activity
71-->src/main/AndroidManifest.xml:58:9-65:20
72            android:name="com.hnlens.ai.activities.DataDetailActivity"
72-->src/main/AndroidManifest.xml:59:13-71
73            android:exported="false"
73-->src/main/AndroidManifest.xml:60:13-37
74            android:theme="@style/Theme.AppCompat.Light" >
74-->src/main/AndroidManifest.xml:61:13-57
75            <intent-filter>
75-->src/main/AndroidManifest.xml:62:13-64:29
76                <action android:name="com.hnlens.ai.detail" />
76-->src/main/AndroidManifest.xml:63:17-63
76-->src/main/AndroidManifest.xml:63:25-60
77            </intent-filter>
78        </activity>
79        <activity
79-->src/main/AndroidManifest.xml:66:9-75:20
80            android:name="com.hnlens.ai.activities.PersonInfomatinActivity"
80-->src/main/AndroidManifest.xml:67:13-76
81            android:exported="false"
81-->src/main/AndroidManifest.xml:68:13-37
82            android:theme="@style/Theme.AppCompat.Light" >
82-->src/main/AndroidManifest.xml:69:13-57
83            <intent-filter>
83-->src/main/AndroidManifest.xml:70:13-74:29
84                <action android:name="com.hnlens.ai.persioninfo" />
84-->src/main/AndroidManifest.xml:71:17-68
84-->src/main/AndroidManifest.xml:71:25-65
85                <action android:name="android.intent.action.MAIN" />
85-->src/main/AndroidManifest.xml:39:17-69
85-->src/main/AndroidManifest.xml:39:25-66
86
87                <category android:name="android.intent.category.LAUNCHER" />
87-->src/main/AndroidManifest.xml:41:17-77
87-->src/main/AndroidManifest.xml:41:27-74
88            </intent-filter>
89        </activity>
90        <activity
90-->src/main/AndroidManifest.xml:77:9-81:60
91            android:name="com.hnlens.ai.sports.ViewExerciseActivity"
91-->src/main/AndroidManifest.xml:78:13-49
92            android:exported="true"
92-->src/main/AndroidManifest.xml:79:13-36
93            android:label="@string/exercise_info"
93-->src/main/AndroidManifest.xml:80:13-50
94            android:theme="@style/Theme.AppCompat.Light" />
94-->src/main/AndroidManifest.xml:81:13-57
95
96        <receiver
96-->src/main/AndroidManifest.xml:83:9-93:20
97            android:name="com.hnlens.ai.widget.SportsWidget"
97-->src/main/AndroidManifest.xml:84:13-61
98            android:exported="true" >
98-->src/main/AndroidManifest.xml:85:13-36
99            <intent-filter>
99-->src/main/AndroidManifest.xml:86:13-88:29
100                <action android:name="android.appwidget.action.APPWIDGET_UPDATE" />
100-->src/main/AndroidManifest.xml:87:17-84
100-->src/main/AndroidManifest.xml:87:25-81
101            </intent-filter>
102
103            <meta-data
103-->src/main/AndroidManifest.xml:90:13-92:62
104                android:name="android.appwidget.provider"
104-->src/main/AndroidManifest.xml:91:17-58
105                android:resource="@xml/widget_info_sports" />
105-->src/main/AndroidManifest.xml:92:17-59
106        </receiver>
107
108        <service
108-->[androidx.health.connect:connect-client:1.1.0-alpha07] AndroidManifest.xml:24:9-32:19
109            android:name="androidx.health.platform.client.impl.sdkservice.HealthDataSdkService"
109-->[androidx.health.connect:connect-client:1.1.0-alpha07] AndroidManifest.xml:25:13-96
110            android:enabled="true"
110-->[androidx.health.connect:connect-client:1.1.0-alpha07] AndroidManifest.xml:26:13-35
111            android:exported="true" >
111-->[androidx.health.connect:connect-client:1.1.0-alpha07] AndroidManifest.xml:27:13-36
112            <intent-filter>
112-->[androidx.health.connect:connect-client:1.1.0-alpha07] AndroidManifest.xml:29:13-31:29
113                <action android:name="androidx.health.platform.client.ACTION_BIND_SDK_SERVICE" />
113-->[androidx.health.connect:connect-client:1.1.0-alpha07] AndroidManifest.xml:30:17-98
113-->[androidx.health.connect:connect-client:1.1.0-alpha07] AndroidManifest.xml:30:25-95
114            </intent-filter>
115        </service>
116
117        <provider
117-->[androidx.emoji2:emoji2:1.2.0] AndroidManifest.xml:24:9-32:20
118            android:name="androidx.startup.InitializationProvider"
118-->[androidx.emoji2:emoji2:1.2.0] AndroidManifest.xml:25:13-67
119            android:authorities="com.hnlens.ai.sports.androidx-startup"
119-->[androidx.emoji2:emoji2:1.2.0] AndroidManifest.xml:26:13-68
120            android:exported="false" >
120-->[androidx.emoji2:emoji2:1.2.0] AndroidManifest.xml:27:13-37
121            <meta-data
121-->[androidx.emoji2:emoji2:1.2.0] AndroidManifest.xml:29:13-31:52
122                android:name="androidx.emoji2.text.EmojiCompatInitializer"
122-->[androidx.emoji2:emoji2:1.2.0] AndroidManifest.xml:30:17-75
123                android:value="androidx.startup" />
123-->[androidx.emoji2:emoji2:1.2.0] AndroidManifest.xml:31:17-49
124            <meta-data
124-->[androidx.lifecycle:lifecycle-process:2.7.0] AndroidManifest.xml:29:13-31:52
125                android:name="androidx.lifecycle.ProcessLifecycleInitializer"
125-->[androidx.lifecycle:lifecycle-process:2.7.0] AndroidManifest.xml:30:17-78
126                android:value="androidx.startup" />
126-->[androidx.lifecycle:lifecycle-process:2.7.0] AndroidManifest.xml:31:17-49
127            <meta-data
127-->[androidx.profileinstaller:profileinstaller:1.3.0] AndroidManifest.xml:29:13-31:52
128                android:name="androidx.profileinstaller.ProfileInstallerInitializer"
128-->[androidx.profileinstaller:profileinstaller:1.3.0] AndroidManifest.xml:30:17-85
129                android:value="androidx.startup" />
129-->[androidx.profileinstaller:profileinstaller:1.3.0] AndroidManifest.xml:31:17-49
130        </provider>
131
132        <receiver
132-->[androidx.profileinstaller:profileinstaller:1.3.0] AndroidManifest.xml:34:9-52:20
133            android:name="androidx.profileinstaller.ProfileInstallReceiver"
133-->[androidx.profileinstaller:profileinstaller:1.3.0] AndroidManifest.xml:35:13-76
134            android:directBootAware="false"
134-->[androidx.profileinstaller:profileinstaller:1.3.0] AndroidManifest.xml:36:13-44
135            android:enabled="true"
135-->[androidx.profileinstaller:profileinstaller:1.3.0] AndroidManifest.xml:37:13-35
136            android:exported="true"
136-->[androidx.profileinstaller:profileinstaller:1.3.0] AndroidManifest.xml:38:13-36
137            android:permission="android.permission.DUMP" >
137-->[androidx.profileinstaller:profileinstaller:1.3.0] AndroidManifest.xml:39:13-57
138            <intent-filter>
138-->[androidx.profileinstaller:profileinstaller:1.3.0] AndroidManifest.xml:40:13-42:29
139                <action android:name="androidx.profileinstaller.action.INSTALL_PROFILE" />
139-->[androidx.profileinstaller:profileinstaller:1.3.0] AndroidManifest.xml:41:17-91
139-->[androidx.profileinstaller:profileinstaller:1.3.0] AndroidManifest.xml:41:25-88
140            </intent-filter>
141            <intent-filter>
141-->[androidx.profileinstaller:profileinstaller:1.3.0] AndroidManifest.xml:43:13-45:29
142                <action android:name="androidx.profileinstaller.action.SKIP_FILE" />
142-->[androidx.profileinstaller:profileinstaller:1.3.0] AndroidManifest.xml:44:17-85
142-->[androidx.profileinstaller:profileinstaller:1.3.0] AndroidManifest.xml:44:25-82
143            </intent-filter>
144            <intent-filter>
144-->[androidx.profileinstaller:profileinstaller:1.3.0] AndroidManifest.xml:46:13-48:29
145                <action android:name="androidx.profileinstaller.action.SAVE_PROFILE" />
145-->[androidx.profileinstaller:profileinstaller:1.3.0] AndroidManifest.xml:47:17-88
145-->[androidx.profileinstaller:profileinstaller:1.3.0] AndroidManifest.xml:47:25-85
146            </intent-filter>
147            <intent-filter>
147-->[androidx.profileinstaller:profileinstaller:1.3.0] AndroidManifest.xml:49:13-51:29
148                <action android:name="androidx.profileinstaller.action.BENCHMARK_OPERATION" />
148-->[androidx.profileinstaller:profileinstaller:1.3.0] AndroidManifest.xml:50:17-95
148-->[androidx.profileinstaller:profileinstaller:1.3.0] AndroidManifest.xml:50:25-92
149            </intent-filter>
150        </receiver>
151    </application>
152
153</manifest>